mode: count
github.com/xuperchain/xupercore/kernel/engines/xuperos/chain_config/update_config_manager.go:13.67,14.59 1 0
github.com/xuperchain/xupercore/kernel/engines/xuperos/chain_config/update_config_manager.go:17.2,24.16 6 0
github.com/xuperchain/xupercore/kernel/engines/xuperos/chain_config/update_config_manager.go:14.59,16.3 1 0
github.com/xuperchain/xupercore/kernel/engines/xuperos/chain_config/contex.go:29.76,30.55 1 0
github.com/xuperchain/xupercore/kernel/engines/xuperos/chain_config/contex.go:34.2,35.16 2 0
github.com/xuperchain/xupercore/kernel/engines/xuperos/chain_config/contex.go:38.2,47.17 10 0
github.com/xuperchain/xupercore/kernel/engines/xuperos/chain_config/contex.go:30.55,32.3 1 0
github.com/xuperchain/xupercore/kernel/engines/xuperos/chain_config/contex.go:35.16,37.3 1 0
github.com/xuperchain/xupercore/kernel/engines/xuperos/chain_config/update_config.go:17.53,23.2 2 2
github.com/xuperchain/xupercore/kernel/engines/xuperos/chain_config/update_config.go:25.96,29.16 4 1
github.com/xuperchain/xupercore/kernel/engines/xuperos/chain_config/update_config.go:32.2,34.9 3 1
github.com/xuperchain/xupercore/kernel/engines/xuperos/chain_config/update_config.go:37.2,38.16 2 1
github.com/xuperchain/xupercore/kernel/engines/xuperos/chain_config/update_config.go:41.2,42.16 2 1
github.com/xuperchain/xupercore/kernel/engines/xuperos/chain_config/update_config.go:46.2,46.31 1 1
github.com/xuperchain/xupercore/kernel/engines/xuperos/chain_config/update_config.go:54.2,56.16 3 0
github.com/xuperchain/xupercore/kernel/engines/xuperos/chain_config/update_config.go:59.2,63.8 1 0
github.com/xuperchain/xupercore/kernel/engines/xuperos/chain_config/update_config.go:29.16,31.3 1 0
github.com/xuperchain/xupercore/kernel/engines/xuperos/chain_config/update_config.go:34.9,36.3 1 0
github.com/xuperchain/xupercore/kernel/engines/xuperos/chain_config/update_config.go:38.16,40.3 1 0
github.com/xuperchain/xupercore/kernel/engines/xuperos/chain_config/update_config.go:42.16,44.3 1 0
github.com/xuperchain/xupercore/kernel/engines/xuperos/chain_config/update_config.go:46.31,53.3 1 1
github.com/xuperchain/xupercore/kernel/engines/xuperos/chain_config/update_config.go:56.16,58.3 1 0
github.com/xuperchain/xupercore/kernel/engines/xuperos/chain_config/update_config.go:66.100,70.16 4 1
github.com/xuperchain/xupercore/kernel/engines/xuperos/chain_config/update_config.go:73.2,73.31 1 1
github.com/xuperchain/xupercore/kernel/engines/xuperos/chain_config/update_config.go:81.2,83.16 3 0
github.com/xuperchain/xupercore/kernel/engines/xuperos/chain_config/update_config.go:86.2,90.8 1 0
github.com/xuperchain/xupercore/kernel/engines/xuperos/chain_config/update_config.go:70.16,72.3 1 0
github.com/xuperchain/xupercore/kernel/engines/xuperos/chain_config/update_config.go:73.31,80.3 1 1
github.com/xuperchain/xupercore/kernel/engines/xuperos/chain_config/update_config.go:83.16,85.3 1 0
